code-creation,Stub,0x56184020,296,"JSEntryStub"
code-creation,Stub,0x56184160,296,"JSConstructEntryStub"
code-creation,Stub,0x55582020,860,"CEntryStub"
code-creation,Builtin,0x561842a0,60,"Illegal"
code-creation,Builtin,0x561842e0,60,"EmptyFunction"
code-creation,Builtin,0x56184320,60,"ArrayCodeGeneric"
code-creation,Builtin,0x56184360,60,"ArrayPush"
code-creation,Builtin,0x561843a0,60,"ArrayPop"
code-creation,Builtin,0x561843e0,60,"ArrayShift"
code-creation,Builtin,0x56184420,60,"ArrayUnshift"
code-creation,Builtin,0x56184460,60,"ArraySlice"
code-creation,Builtin,0x561844a0,60,"ArraySplice"
code-creation,Builtin,0x561844e0,60,"ArrayConcat"
code-creation,Builtin,0x56184520,64,"HandleApiCall"
code-creation,Builtin,0x56184560,60,"FastHandleApiCall"
code-creation,Builtin,0x561845a0,64,"HandleApiCallConstruct"
code-creation,Builtin,0x561845e0,60,"HandleApiCallAsFunction"
code-creation,Builtin,0x56184620,60,"HandleApiCallAsConstructor"
code-creation,Builtin,0x56184660,60,"StrictArgumentsCallee"
code-creation,Builtin,0x561846a0,60,"StrictArgumentsCaller"
code-creation,Builtin,0x561846e0,60,"StrictFunctionCaller"
code-creation,Builtin,0x56184720,60,"StrictFunctionArguments"
code-creation,Builtin,0x56184760,196,"ArgumentsAdaptorTrampoline"
code-creation,Builtin,0x56184840,104,"JSConstructCall"
code-creation,Builtin,0x561848c0,608,"JSConstructStubCountdown"
code-creation,Builtin,0x56184b20,540,"JSConstructStubGeneric"
code-creation,Builtin,0x56184d40,508,"JSConstructStubApi"
code-creation,Builtin,0x56184f40,200,"JSEntryTrampoline"
code-creation,Builtin,0x56185020,164,"JSConstructEntryTrampoline"
code-creation,Builtin,0x561850e0,116,"LazyCompile"
code-creation,Builtin,0x56185160,116,"LazyRecompile"
code-creation,Builtin,0x561851e0,156,"NotifyDeoptimized"
code-creation,Builtin,0x56185280,156,"NotifyLazyDeoptimized"
code-creation,Builtin,0x56185320,108,"NotifyOSR"
code-creation,Builtin,0x561853a0,68,"LoadIC_Miss"
code-creation,Builtin,0x56185400,64,"KeyedLoadIC_Miss"
code-creation,Builtin,0x56185440,68,"StoreIC_Miss"
code-creation,Builtin,0x561854a0,64,"KeyedStoreIC_Miss"
code-creation,Builtin,0x561854e0,68,"LoadIC_Initialize"
code-creation,Builtin,0x56185540,68,"LoadIC_PreMonomorphic"
code-creation,Builtin,0x561855a0,304,"LoadIC_Normal"
code-creation,Builtin,0x561856e0,80,"LoadIC_ArrayLength"
code-creation,Builtin,0x56185740,84,"LoadIC_StringLength"
code-creation,Builtin,0x561857a0,132,"LoadIC_StringWrapperLength"
code-creation,Builtin,0x56185840,136,"LoadIC_FunctionPrototype"
code-creation,Builtin,0x561858e0,268,"LoadIC_Megamorphic"
code-creation,Builtin,0x56185a00,64,"KeyedLoadIC_Initialize"
code-creation,Builtin,0x56185a40,64,"KeyedLoadIC_PreMonomorphic"
code-creation,Builtin,0x56185a80,788,"KeyedLoadIC_Generic"
code-creation,Builtin,0x56186020,668,"KeyedLoadIC_String"
code-creation,Builtin,0x561862c0,128,"KeyedLoadIC_IndexedInterceptor"
code-creation,Builtin,0x56186340,68,"StoreIC_Initialize"
code-creation,Builtin,0x561863a0,148,"StoreIC_ArrayLength"
code-creation,Builtin,0x56186440,364,"StoreIC_Normal"
code-creation,Builtin,0x561865c0,268,"StoreIC_Megamorphic"
code-creation,Builtin,0x561866e0,80,"StoreIC_GlobalProxy"
code-creation,Builtin,0x56186740,68,"StoreIC_Initialize_Strict"
code-creation,Builtin,0x561867a0,148,"StoreIC_ArrayLength_Strict"
code-creation,Builtin,0x56186840,364,"StoreIC_Normal_Strict"
code-creation,Builtin,0x561869c0,268,"StoreIC_Megamorphic_Strict"
code-creation,Builtin,0x56186ae0,80,"StoreIC_GlobalProxy_Strict"
code-creation,Builtin,0x56186b40,64,"KeyedStoreIC_Initialize"
code-creation,Builtin,0x56186b80,304,"KeyedStoreIC_Generic"
code-creation,Builtin,0x56186cc0,64,"KeyedStoreIC_Initialize_Strict"
code-creation,Builtin,0x56186d00,304,"KeyedStoreIC_Generic_Strict"
code-creation,Builtin,0x56186e40,404,"FunctionCall"
code-creation,Builtin,0x56186fe0,436,"FunctionApply"
code-creation,Builtin,0x561871a0,600,"ArrayCode"
code-creation,Builtin,0x56187400,588,"ArrayConstructCode"
code-creation,Builtin,0x56187660,440,"StringConstructCode"
code-creation,Builtin,0x56187820,836,"OnStackReplacement"
code-creation,Builtin,0x56187b80,120,"Return_DebugBreak"
code-creation,Builtin,0x56187c00,128,"ConstructCall_DebugBreak"
code-creation,Builtin,0x56187c80,112,"StubNoRegisters_DebugBreak"
code-creation,Builtin,0x56187d00,120,"LoadIC_DebugBreak"
code-creation,Builtin,0x56187d80,120,"KeyedLoadIC_DebugBreak"
code-creation,Builtin,0x56187e00,120,"StoreIC_DebugBreak"
code-creation,Builtin,0x56187e80,120,"KeyedStoreIC_DebugBreak"
code-creation,Builtin,0x56187f00,112,"Slot_DebugBreak"
code-creation,Builtin,0x56187f80,80,"PlainReturn_LiveEdit"
code-creation,Builtin,0x56188020,80,"FrameDropper_LiveEdit"
code-creation,Stub,0x56188080,60,"StackCheckStub"
code-creation,Script,0x561880c0,816,"native runtime.js",0x561464ec,
code-creation,CallInitialize,0x56188400,200,"args_count: 1"
code-creation,CallInitialize,0x561884e0,200,"args_count: 2"
code-creation,LazyCompile,0x561885c0,1568,"EQUALS native runtime.js:54",0x56145498,
code-creation,LazyCompile,0x56188be0,368,"STRICT_EQUALS native runtime.js:93",0x561454f4,
code-creation,Stub,0x56188d60,224,"StringCompare"
code-creation,Stub,0x56188e40,136,"CompareIC"
code-creation,LazyCompile,0x56188ee0,1180,"COMPARE native runtime.js:113",0x56145550,
code-creation,Stub,0x56189380,1208,"StringAdd"
code-creation,LazyCompile,0x56189840,784,"ADD native runtime.js:156",0x561455ac,
code-creation,LazyCompile,0x56189b60,304,"SUB native runtime.js:207",0x561456c0,
code-creation,LazyCompile,0x56189ca0,304,"MUL native runtime.js:215",0x5614571c,
code-creation,LazyCompile,0x56189de0,304,"DIV native runtime.js:223",0x56145778,
code-creation,LazyCompile,0x5618a020,304,"MOD native runtime.js:231",0x561457d4,
code-creation,LazyCompile,0x5618a160,304,"BIT_OR native runtime.js:245",0x56145830,
code-creation,LazyCompile,0x5618a2a0,440,"BIT_AND native runtime.js:253",0x5614588c,
code-creation,LazyCompile,0x5618a460,304,"BIT_XOR native runtime.js:275",0x561458e8,
code-creation,LazyCompile,0x5618a5a0,220,"UNARY_MINUS native runtime.js:283",0x56145944,
code-creation,LazyCompile,0x5618a680,220,"BIT_NOT native runtime.js:290",0x561459a0,
code-creation,LazyCompile,0x5618a760,304,"SHL native runtime.js:297",0x561459fc,
code-creation,LazyCompile,0x5618a8a0,440,"SAR native runtime.js:305",0x56145a58,
code-creation,LazyCompile,0x5618aa60,304,"SHR native runtime.js:327",0x56145ab4,
code-creation,LazyCompile,0x5618aba0,224,"DELETE native runtime.js:341",0x56145b10,
code-creation,Stub,0x5618ac80,204,"FastCloneShallowArrayStub"
code-creation,LazyCompile,0x5618ad60,520,"IN native runtime.js:347",0x56145b6c,
code-creation,Stub,0x5618af80,196,"FastCloneShallowArrayStub"
code-creation,Stub,0x5618b060,168,"ToBoolean"
code-creation,LazyCompile,0x5618b120,736,"INSTANCE_OF native runtime.js:359",0x56145bc8,
code-creation,LazyCompile,0x5618b400,128,"GET_KEYS native runtime.js:383",0x56145c24,
code-creation,LazyCompile,0x5618b480,276,"FILTER_KEY native runtime.js:391",0x56145c80,
code-creation,Stub,0x5618b5a0,280,"ArgumentsAccessStub"
code-creation,LazyCompile,0x5618b6c0,480,"CALL_NON_FUNCTION native runtime.js:398",0x56145cdc,
code-creation,LazyCompile,0x5618b8a0,480,"CALL_NON_FUNCTION_AS_CONSTRUCTOR native runtime.js:407",0x56145d38,
code-creation,LazyCompile,0x5618ba80,140,"TO_OBJECT native runtime.js:458",0x56145e4c,
code-creation,LazyCompile,0x5618bb20,140,"TO_NUMBER native runtime.js:464",0x56145ea8,
code-creation,LazyCompile,0x5618bbc0,140,"TO_STRING native runtime.js:470",0x56145f04,
code-creation,Stub,0x5618bc60,136,"CompareIC"
code-creation,Stub,0x5618bd00,200,"NumberToStringStub"
code-creation,LazyCompile,0x5618c020,628,"STRING_ADD_LEFT native runtime.js:176",0x56145608,
code-creation,LazyCompile,0x5618c2a0,644,"STRING_ADD_RIGHT native runtime.js:191",0x56145664,
code-creation,Stub,0x5618c540,136,"CompareIC"
code-creation,Stub,0x5618c5e0,136,"CompareIC"
code-creation,Stub,0x5618c680,136,"CompareIC"
code-creation,Stub,0x5618c720,168,"FastCloneShallowArrayStub"
code-creation,LazyCompile,0x5618c7e0,1260,"APPLY_PREPARE native runtime.js:416",0x56145d94,
code-creation,LazyCompile,0x5618cce0,208,"APPLY_OVERFLOW native runtime.js:452",0x56145df0,
code-creation,CallInitialize,0x5618cdc0,200,"args_count: 0"
code-creation,Script,0x5618cea0,3788,"native v8natives.js",0x56149180,
code-creation,CallPreMonomorphic,0x5618dd80,200,"args_count: 0"
code-creation,CallInitialize,0x5618de60,200,"args_count: 10"
code-creation,CallInitialize,0x5618e020,200,"args_count: 3"
code-creation,LazyCompile,0x5618e100,660,"SetupGlobal native v8natives.js:153",0x56147674,
code-creation,CallPreMonomorphic,0x5618e3a0,200,"args_count: 10"
code-creation,CallPreMonomorphic,0x5618e480,200,"args_count: 3"
code-creation,Stub,0x5618e560,80,"TypeRecordingBinaryOpStub_SAR_Alloc_Uninitialized"
code-creation,Stub,0x5618e5c0,80,"TypeRecordingBinaryOpStub_ADD_Alloc_Uninitialized"
code-creation,LazyCompile,0x5618e620,724,"InstallFunctions native v8natives.js:49",0x561473f0,
code-creation,Stub,0x5618e900,160,"CompareIC"
code-creation,Stub,0x5618e9a0,132,"TypeRecordingBinaryOpStub_SAR_Alloc_SMI"
code-creation,Stub,0x5618ea40,160,"CompareIC"
code-creation,KeyedLoadIC,0x5618eae0,128,""
code-creation,KeyedLoadIC,0x5618eae0,128,"args_count: 0"
code-creation,Stub,0x5618eb60,128,"TypeRecordingBinaryOpStub_ADD_Alloc_SMI"
code-creation,LazyCompile,0x5618ebe0,308,"$Object.constructor native v8natives.js:180",0x56148978,
code-creation,CallPreMonomorphic,0x5618ed20,200,"args_count: 1"
code-creation,LazyCompile,0x5618ee00,456,"ToBoolean native runtime.js:493",0x56146020,
code-creation,StoreIC,0x5618efe0,152,"constructor"
code-creation,StoreIC,0x5618efe0,152,"constructor"
code-creation,LazyCompile,0x5618f080,392,"a native v8natives.js:923",0x561490a8,
code-creation,CallInitialize,0x5618f220,200,"args_count: 20"
code-creation,CallInitialize,0x5618f300,200,"args_count: 26"
code-creation,LazyCompile,0x5618f3e0,1240,"SetupObject native v8natives.js:938",0x561483b8,
code-creation,CallPreMonomorphic,0x5618f8c0,200,"args_count: 20"
code-creation,CallPreMonomorphic,0x5618f9a0,200,"args_count: 26"
code-creation,CallInitialize,0x5618fa80,200,"args_count: 4"
code-creation,LazyCompile,0x5618fb60,296,"SetupBoolean native v8natives.js:1001",0x561484cc,
code-creation,CallPreMonomorphic,0x5618fca0,200,"args_count: 4"
code-creation,LazyCompile,0x5618fd80,352,"b native v8natives.js:1014",0x56149104,
code-creation,Stub,0x5618fee0,156,"CompareIC"
code-creation,LazyCompile,0x56190020,536,"ToNumber native runtime.js:503",0x5614607c,
code-creation,CallInitialize,0x56190240,200,"args_count: 12"
code-creation,LazyCompile,0x56190320,1204,"SetupNumber native v8natives.js:1106",0x56148750,
code-creation,CallPreMonomorphic,0x561907e0,200,"args_count: 12"
code-creation,Stub,0x561908c0,80,"TypeRecordingBinaryOpStub_SUB_Alloc_Uninitialized"
code-creation,Stub,0x56190920,140,"ArgumentsAccessStub"
code-creation,Stub,0x561909c0,88,"ToNumberStub"
code-creation,Stub,0x56190a20,80,"TypeRecordingBinaryOpStub_ADD_OverwriteLeft_Uninitialized"
code-creation,Stub,0x56190a80,244,"CallFunction"
code-creation,LazyCompile,0x56190b80,1316,"NewFunction native v8natives.js:1248",0x561488c0,
code-creation,LazyCompile,0x561910c0,296,"SetupFunction native v8natives.js:1274",0x5614891c,
code-creation,Script,0x56191200,280,"native array.js",0x5614ae24,
code-creation,Stub,0x56191320,168,"FastNewContextStub"
code-creation,Function,0x561913e0,344,"getFunction native array.js:1192",0x5614b454,
code-creation,Stub,0x56191540,188,"FastNewClosureStub"
code-creation,Stub,0x56191600,244,"CallFunction"
code-creation,Stub,0x56191700,244,"CallFunction"
code-creation,CallInitialize,0x56191800,200,"args_count: 42"
code-creation,Function,0x561918e0,152,"SetupArray.InternalArray.toString native array.js:1243",0x5614b4cc,
code-creation,LazyCompile,0x56192020,3452,"SetupArray native array.js:1180",0x5614ada8,
code-creation,CallPreMonomorphic,0x56192da0,200,"args_count: 2"
code-creation,LazyCompile,0x56192e80,208,"hasOwnProperty native v8natives.js:216",0x561477e4,
code-creation,LazyCompile,0x56192f60,576,"ToObject native runtime.js:543",0x561461ec,
code-creation,LazyCompile,0x561931a0,488,"ToString native runtime.js:526",0x56146134,
code-creation,CallMiss,0x561933a0,200,"args_count: 1"
code-creation,CallIC,0x56193480,132,"hasOwnProperty"
code-creation,CallIC,0x56193520,124,"ToObject"
code-creation,CallIC,0x561935a0,124,"ToString"
code-creation,KeyedLoadIC,0x56193620,104,"push"
code-creation,KeyedLoadIC,0x56193620,104,"push"
code-creation,KeyedLoadIC,0x561936a0,104,"concat"
code-creation,KeyedLoadIC,0x561936a0,104,"concat"
code-creation,CallPreMonomorphic,0x56193720,200,"args_count: 42"
code-creation,LazyCompile,0x56193800,248,"InstallFunctionsOnHiddenPrototype native v8natives.js:67",0x5614744c,
code-creation,Stub,0x56193900,168,"FastCloneShallowArrayStub"
code-creation,Script,0x561939c0,1172,"native string.js",0x5614cde8,
code-creation,LazyCompile,0x56193e60,404,"b native string.js:36",0x5614cc58,
code-creation,CallInitialize,0x56194020,200,"args_count: 70"
code-creation,LazyCompile,0x56194100,1880,"SetupString native string.js:863",0x5614cbfc,
code-creation,CallPreMonomorphic,0x56194860,200,"args_count: 70"
code-creation,LoadIC,0x56194940,88,"$Object"
code-creation,LoadIC,0x56194940,88,"$Object"
code-creation,CallMiss,0x561949a0,200,"args_count: 3"
code-creation,CallIC,0x56194a80,124,"InstallFunctions"
code-creation,Script,0x56194b00,288,"native uri.js",0x5614de44,
code-creation,LazyCompile,0x56194c20,436,"SetupURI native uri.js:389",0x5614ddc8,
code-creation,Script,0x56194de0,744,"native math.js",0x5614ea28,
code-creation,LazyCompile,0x561950e0,92,"MathConstructor native math.js:38",0x5614e2d8,
code-creation,CallInitialize,0x56195140,200,"args_count: 36"
code-creation,LazyCompile,0x56195220,1700,"SetupMath native math.js:198",0x5614e9ac,
code-creation,CallPreMonomorphic,0x561958e0,200,"args_count: 36"
code-creation,Script,0x56196020,5528,"native messages.js",0x56151404,
code-creation,LazyCompile,0x561975c0,180,"kMessages.cyclic_proto native messages.js:133",0x56150808,
code-creation,Function,0x56197680,92,"ErrorPrototype native messages.js:984",0x56151e18,
code-creation,Function,0x561976e0,212," native messages.js:1010",0x56151e94,
code-creation,Function,0x561977c0,652," native messages.js:999",0x56151f10,
code-creation,LazyCompile,0x56197a60,1020,"DefineError native messages.js:968",0x56150698,
code-creation,Stub,0x56198020,1452,"StringAdd"
code-creation,Stub,0x561985e0,1452,"StringAdd"
code-creation,Stub,0x56198ba0,160,"TypeRecordingBinaryOpStub_ADD_Alloc_Strings"
code-creation,Stub,0x56198c40,548,"CompareStub_EQ_r1_r0"
code-creation,LoadIC,0x56198e80,88,"global"
code-creation,LoadIC,0x56198e80,88,"global"
code-creation,Stub,0x56198ee0,516,"CompareStub_EQ_r1_r0_STRICT"
code-creation,Function,0x56199100,148," native messages.js:1031",0x56152020,
code-creation,LazyCompile,0x561991a0,672,"captureStackTrace native messages.js:1023",0x561506f4,
code-creation,LoadIC,0x56199440,100,"$Error"
code-creation,LoadIC,0x56199440,100,"$Error"
code-creation,LoadIC,0x561994c0,88,"kAddMessageAccessorsMarker"
code-creation,LoadIC,0x561994c0,88,"kAddMessageAccessorsMarker"
code-creation,CallMiss,0x56199520,200,"args_count: 2"
code-creation,CallIC,0x56199600,124,"captureStackTrace"
code-creation,LoadIC,0x56199680,140,""
code-creation,LoadIC,0x56199680,140,""
code-creation,LazyCompile,0x56199720,172,"MakeRangeError native messages.js:277",0x56150134,
code-creation,LazyCompile,0x561997e0,320,"MakeGenericError native messages.js:117",0x5614ff44,
code-creation,Stub,0x56199920,180,"FastNewContextStub"
code-creation,Stub,0x561999e0,244,"CallFunction"
code-creation,Function,0x56199ae0,396,"DefineOneShotAccessor.a.__defineSetter__.d native messages.js:683",0x56152124,
code-creation,Function,0x56199c80,240," native messages.js:691",0x561521a0,
code-creation,LazyCompile,0x56199d80,476,"DefineOneShotAccessor native messages.js:677",0x56150470,
code-creation,LazyCompile,0x5619a020,708,"__defineGetter__ native v8natives.js:235",0x561478f8,
code-creation,LazyCompile,0x5619a300,560,"PropertyDescriptor native v8natives.js:376",0x56147cec,
code-creation,LazyCompile,0x5619a540,168,"PropertyDescriptor.setGet native v8natives.js:462",0x56148e80,
code-creation,StoreIC,0x5619a600,148,"get_"
code-creation,StoreIC,0x5619a600,148,"get_"
code-creation,StoreIC,0x5619a6a0,148,"hasGetter_"
code-creation,StoreIC,0x5619a6a0,148,"hasGetter_"
code-creation,LazyCompile,0x5619a740,168,"PropertyDescriptor.setEnumerable native v8natives.js:414",0x56148b44,
code-creation,StoreIC,0x5619a800,148,"enumerable_"
code-creation,StoreIC,0x5619a800,148,"enumerable_"
code-creation,StoreIC,0x5619a8a0,148,"hasEnumerable_"
code-creation,StoreIC,0x5619a8a0,148,"hasEnumerable_"
code-creation,LazyCompile,0x5619a940,168,"PropertyDescriptor.setConfigurable native v8natives.js:446",0x56148d6c,
code-creation,StoreIC,0x5619aa00,148,"configurable_"
code-creation,StoreIC,0x5619aa00,148,"configurable_"
code-creation,StoreIC,0x5619aaa0,148,"hasConfigurable_"
code-creation,StoreIC,0x5619aaa0,148,"hasConfigurable_"
code-creation,Stub,0x5619ab40,80,"TypeRecordingBinaryOpStub_BIT_OR_Alloc_Uninitialized"
code-creation,LazyCompile,0x55584020,9000,"DefineOwnProperty native v8natives.js:554",0x56147eb8,
code-creation,LazyCompile,0x5619aba0,776,"ConvertDescriptorArrayToDescriptor native v8natives.js:497",0x56147d48,
code-creation,LazyCompile,0x5619aec0,120,"PropertyDescriptor.hasEnumerable native v8natives.js:425",0x56148bfc,
code-creation,LazyCompile,0x5619af40,120,"PropertyDescriptor.isEnumerable native v8natives.js:420",0x56148ba0,
code-creation,Stub,0x5619afc0,124,"TypeRecordingBinaryOpStub_BIT_OR_Alloc_SMI"
code-creation,LazyCompile,0x5619b040,120,"PropertyDescriptor.hasConfigurable native v8natives.js:452",0x56148dc8,
code-creation,LazyCompile,0x5619b0c0,120,"PropertyDescriptor.isConfigurable native v8natives.js:457",0x56148e24,
code-creation,LazyCompile,0x5619b140,284,"IsDataDescriptor native v8natives.js:297",0x56147b20,
code-creation,LazyCompile,0x5619b260,332,"IsGenericDescriptor native v8natives.js:304",0x56147b7c,
code-creation,LazyCompile,0x5619b3c0,284,"IsAccessorDescriptor native v8natives.js:290",0x56147ac4,
code-creation,CallIC,0x5619b4e0,124,"IsAccessorDescriptor"
code-creation,LoadIC,0x5619b560,84,"hasGetter_"
code-creation,LoadIC,0x5619b560,84,"hasGetter_"
code-creation,LazyCompile,0x5619b5c0,120,"PropertyDescriptor.hasGetter native v8natives.js:473",0x56148f38,
code-creation,LazyCompile,0x5619b640,120,"PropertyDescriptor.getGet native v8natives.js:468",0x56148edc,
code-creation,LazyCompile,0x5619b6c0,120,"PropertyDescriptor.hasSetter native v8natives.js:489",0x5614904c,
code-creation,LazyCompile,0x5619b740,708,"__defineSetter__ native v8natives.js:258",0x561479b0,
code-creation,StoreIC,0x5619ba20,160,"value_"
code-creation,StoreIC,0x5619ba20,160,"value_"
code-creation,StoreIC,0x5619bac0,160,"hasValue_"
code-creation,StoreIC,0x5619bac0,160,"hasValue_"
code-creation,StoreIC,0x5619bb60,160,"writable_"
code-creation,StoreIC,0x5619bb60,160,"writable_"
code-creation,StoreIC,0x5619bc00,160,"hasWritable_"
code-creation,StoreIC,0x5619bc00,160,"hasWritable_"
code-creation,StoreIC,0x5619bca0,160,"enumerable_"
code-creation,StoreIC,0x5619bca0,160,"enumerable_"
code-creation,StoreIC,0x5619bd40,160,"hasEnumerable_"
code-creation,StoreIC,0x5619bd40,160,"hasEnumerable_"
code-creation,StoreIC,0x5619bde0,160,"configurable_"
code-creation,StoreIC,0x5619bde0,160,"configurable_"
code-creation,StoreIC,0x5619be80,160,"hasConfigurable_"
code-creation,StoreIC,0x5619be80,160,"hasConfigurable_"
code-creation,StoreIC,0x5619bf20,160,"get_"
code-creation,StoreIC,0x5619bf20,160,"get_"
code-creation,StoreIC,0x5619c020,160,"hasGetter_"
code-creation,StoreIC,0x5619c020,160,"hasGetter_"
code-creation,StoreIC,0x5619c0c0,160,"set_"
code-creation,StoreIC,0x5619c0c0,160,"set_"
code-creation,StoreIC,0x5619c160,160,"hasSetter_"
code-creation,StoreIC,0x5619c160,160,"hasSetter_"
code-creation,LazyCompile,0x5619c200,168,"PropertyDescriptor.setSet native v8natives.js:478",0x56148f94,
code-creation,StoreIC,0x5619c2c0,148,"set_"
code-creation,StoreIC,0x5619c2c0,148,"set_"
code-creation,StoreIC,0x5619c360,148,"hasSetter_"
code-creation,StoreIC,0x5619c360,148,"hasSetter_"
code-creation,CallIC,0x5619c400,124,"ConvertDescriptorArrayToDescriptor"
code-creation,LoadIC,0x5619c480,84,"hasValue_"
code-creation,LoadIC,0x5619c480,84,"hasValue_"
code-creation,LoadIC,0x5619c4e0,84,"hasWritable_"
code-creation,LoadIC,0x5619c4e0,84,"hasWritable_"
code-creation,LoadIC,0x5619c540,84,"hasEnumerable_"
code-creation,LoadIC,0x5619c540,84,"hasEnumerable_"
code-creation,LoadIC,0x5619c5a0,84,"enumerable_"
code-creation,LoadIC,0x5619c5a0,84,"enumerable_"
code-creation,Stub,0x5619c600,80,"TypeRecordingBinaryOpStub_DIV_Alloc_Uninitialized"
code-creation,LazyCompile,0x5619c660,568,"SameValue native runtime.js:576",0x5614635c,
code-creation,LoadIC,0x5619c8a0,84,"hasConfigurable_"
code-creation,LoadIC,0x5619c8a0,84,"hasConfigurable_"
code-creation,LoadIC,0x5619c900,84,"configurable_"
code-creation,LoadIC,0x5619c900,84,"configurable_"
code-creation,LazyCompile,0x5619c960,120,"PropertyDescriptor.hasWritable native v8natives.js:441",0x56148d10,
code-creation,LazyCompile,0x5619c9e0,120,"PropertyDescriptor.hasValue native v8natives.js:409",0x56148ae8,
code-creation,LoadIC,0x5619ca60,84,"hasSetter_"
code-creation,LoadIC,0x5619ca60,84,"hasSetter_"
code-creation,LazyCompile,0x5619cac0,120,"PropertyDescriptor.getSet native v8natives.js:484",0x56148ff0,
code-creation,LoadIC,0x5619cb40,84,"set_"
code-creation,LoadIC,0x5619cb40,84,"set_"
code-creation,CallMiss,0x5619cba0,200,"args_count: 0"
code-creation,CallIC,0x5619cc80,128,"hasEnumerable"
code-creation,CallIC,0x5619cd00,128,"isEnumerable"
code-creation,CallIC,0x5619cd80,128,"hasConfigurable"
code-creation,CallIC,0x5619ce00,128,"isConfigurable"
code-creation,CallIC,0x5619ce80,124,"IsDataDescriptor"
code-creation,CallIC,0x5619cf00,124,"IsGenericDescriptor"
code-creation,CallIC,0x5619cf80,128,"hasGetter"
code-creation,CallIC,0x5619d000,128,"hasSetter"
code-creation,LoadIC,0x5619d080,140,""
code-creation,LoadIC,0x5619d080,140,""
code-creation,StoreIC,0x5619d120,152,"type"
code-creation,StoreIC,0x5619d120,152,"type"
code-creation,StoreIC,0x5619d1c0,152,"arguments"
code-creation,StoreIC,0x5619d1c0,152,"arguments"
code-creation,Script,0x5619d260,292,"native apinatives.js",0x56152844,
code-creation,Stub,0x5619d3a0,212,"FastCloneShallowArrayStub"
code-creation,Script,0x5619d480,1912,"native date.js",0x56154bc0,
code-creation,StoreIC,0x5619dc00,148,"time"
code-creation,StoreIC,0x5619dc00,148,"time"
code-creation,StoreIC,0x5619dca0,148,"year"
code-creation,StoreIC,0x5619dca0,148,"year"
code-creation,Stub,0x5619dd40,136,"CompareIC"
code-creation,LazyCompile,0x5619e020,2448,"WeekDays native date.js:398",0x56154b44,
code-creation,LazyCompile,0x5619e9c0,436,"TimeClip native date.js:378",0x561535ec,
code-creation,LazyCompile,0x5619eb80,356,"isFinite native v8natives.js:85",0x56147504,
code-creation,Stub,0x5619ed00,216,"TypeRecordingBinaryOpStub_SUB_Alloc_HeapNumbers"
code-creation,Stub,0x5619ede0,236,"CompareIC"
code-creation,CallInitialize,0x5619eee0,200,"args_count: 6"
code-creation,CallInitialize,0x5619efc0,200,"args_count: 92"
code-creation,LazyCompile,0x5619f0a0,2400,"SetupDate native date.js:1040",0x56154ae8,
code-creation,CallPreMonomorphic,0x5619fa00,200,"args_count: 6"
code-creation,CallPreMonomorphic,0x5619fae0,200,"args_count: 92"
code-creation,Script,0x5619fbc0,276,"native json.js",0x56155d04,
code-creation,LazyCompile,0x5619fce0,276,"SetupJSON native json.js:335",0x56155c88,
code-creation,Script,0x561a0020,552,"native regexp.js",0x5615664c,
code-creation,Function,0x561a0260,212,"RegExpGetInput native regexp.js:422",0x5615694c,
code-creation,Function,0x561a0340,188,"RegExpSetInput native regexp.js:426",0x561569c8,
code-creation,Function,0x561a0400,104,"RegExpGetMultiline native regexp.js:446",0x56156a40,
code-creation,Function,0x561a0480,256,"RegExpSetMultiline native regexp.js:447",0x56156abc,
code-creation,Function,0x561a0580,92,"NoOpSetter native regexp.js:455",0x56156b38,
code-creation,CallInitialize,0x561a05e0,200,"args_count: 8"
code-creation,CallInitialize,0x561a06c0,200,"args_count: 1"
code-creation,LazyCompile,0x561a07a0,4052,"SetupRegExp native regexp.js:403",0x561565d0,
code-creation,LazyCompile,0x561a1780,328,"RegExpConstructor native regexp.js:81",0x56156124,
code-creation,CallPreMonomorphic,0x561a18e0,200,"args_count: 8"
code-creation,LazyCompile,0x561a19c0,496,"ToPrimitive native runtime.js:482",0x56145f60,
code-creation,CallPreMonomorphic,0x561a1bc0,200,"args_count: 1"
code-creation,Stub,0x561a1ca0,80,"TypeRecordingBinaryOpStub_MUL_Alloc_Uninitialized"
code-creation,Stub,0x561a1d00,80,"TypeRecordingBinaryOpStub_ADD_OverwriteRight_Uninitialized"
code-creation,Function,0x561959c0,900," native regexp.js:366",0x561e4294,
code-creation,LazyCompile,0x561a1d60,212,"RegExpMakeCaptureGetter native regexp.js:365",0x56156574,
code-creation,CallIC,0x561a1e40,124,"ToPrimitive"
code-creation,LoadIC,0x561a1ec0,88,"$RegExp"
code-creation,LoadIC,0x561a1ec0,88,"$RegExp"
code-creation,CallIC,0x561a1f20,124,"RegExpMakeCaptureGetter"
code-delete,0x5618eae0
code-delete,0x5618efe0
code-delete,0x56193480
code-delete,0x56193520
code-delete,0x561935a0
code-delete,0x56193620
code-delete,0x561936a0
code-delete,0x56194940
code-delete,0x56194a80
code-delete,0x56198e80
code-delete,0x56199440
code-delete,0x561994c0
code-delete,0x56199600
code-delete,0x56199680
code-delete,0x5619a600
code-delete,0x5619a6a0
code-delete,0x5619a800
code-delete,0x5619a8a0
code-delete,0x5619aa00
code-delete,0x5619aaa0
code-delete,0x5619b4e0
code-delete,0x5619b560
code-delete,0x5619ba20
code-delete,0x5619bac0
code-delete,0x5619bb60
code-delete,0x5619bc00
code-delete,0x5619bca0
code-delete,0x5619bd40
code-delete,0x5619bde0
code-delete,0x5619be80
code-delete,0x5619bf20
code-delete,0x5619c020
code-delete,0x5619c0c0
code-delete,0x5619c160
code-delete,0x5619c2c0
code-delete,0x5619c360
code-delete,0x5619c400
code-delete,0x5619c480
code-delete,0x5619c4e0
code-delete,0x5619c540
code-delete,0x5619c5a0
code-delete,0x5619c8a0
code-delete,0x5619c900
code-delete,0x5619ca60
code-delete,0x5619cb40
code-delete,0x5619cc80
code-delete,0x5619cd00
code-delete,0x5619cd80
code-delete,0x5619ce00
code-delete,0x5619ce80
code-delete,0x5619cf00
code-delete,0x5619cf80
code-delete,0x5619d000
code-delete,0x5619d080
code-delete,0x5619d120
code-delete,0x5619d1c0
code-delete,0x5619dc00
code-delete,0x5619dca0
code-delete,0x561a1e40
code-delete,0x561a1ec0
code-delete,0x561a1f20
sfi-move,0x56144228,0x56144228
sfi-move,0x561442b4,0x561442b4
sfi-move,0x5614438c,0x5614438c
sfi-move,0x5614440c,0x5614440c
sfi-move,0x5614448c,0x5614448c
sfi-move,0x56144524,0x56144524
sfi-move,0x561445b4,0x561445b4
sfi-move,0x56144634,0x56144634
sfi-move,0x561446b4,0x561446b4
sfi-move,0x56144734,0x56144734
sfi-move,0x561447b4,0x561447b4
sfi-move,0x56144834,0x56144834
sfi-move,0x561448b4,0x561448b4
sfi-move,0x56144934,0x56144934
sfi-move,0x561449c0,0x561449c0
sfi-move,0x56144a60,0x56144a60
sfi-move,0x56144ae0,0x56144ae0
sfi-move,0x56144b60,0x56144b60
sfi-move,0x56144be0,0x56144be0
sfi-move,0x56144c60,0x56144c60
sfi-move,0x56144e8c,0x56144e8c
sfi-move,0x56145014,0x56145014
sfi-move,0x56145094,0x56145094
sfi-move,0x56145158,0x56145158
sfi-move,0x561451e4,0x561451e4
sfi-move,0x56145498,0x56145448
sfi-move,0x561454f4,0x561454a4
sfi-move,0x56145550,0x56145500
sfi-move,0x561455ac,0x5614555c
sfi-move,0x56145608,0x561455b8
sfi-move,0x56145664,0x56145614
sfi-move,0x561456c0,0x56145670
sfi-move,0x5614571c,0x561456cc
sfi-move,0x56145778,0x56145728
sfi-move,0x561457d4,0x56145784
sfi-move,0x56145830,0x561457e0
sfi-move,0x5614588c,0x5614583c
sfi-move,0x561458e8,0x56145898
sfi-move,0x56145944,0x561458f4
sfi-move,0x561459a0,0x56145950
sfi-move,0x561459fc,0x561459ac
sfi-move,0x56145a58,0x56145a08
sfi-move,0x56145ab4,0x56145a64
sfi-move,0x56145b10,0x56145ac0
sfi-move,0x56145b6c,0x56145b1c
sfi-move,0x56145bc8,0x56145b78
sfi-move,0x56145c24,0x56145bd4
sfi-move,0x56145c80,0x56145c30
sfi-move,0x56145cdc,0x56145c8c
sfi-move,0x56145d38,0x56145ce8
sfi-move,0x56145d94,0x56145d44
sfi-move,0x56145df0,0x56145da0
sfi-move,0x56145e4c,0x56145dfc
sfi-move,0x56145ea8,0x56145e58
sfi-move,0x56145f04,0x56145eb4
sfi-move,0x56145f60,0x56145f10
sfi-move,0x56146020,0x56146020
sfi-move,0x5614607c,0x5614607c
sfi-move,0x561460d8,0x561460d8
sfi-move,0x56146134,0x56146134
sfi-move,0x56146190,0x56146190
sfi-move,0x561461ec,0x561461ec
sfi-move,0x56146248,0x56146248
sfi-move,0x561462a4,0x561462a4
sfi-move,0x56146300,0x56146300
sfi-move,0x5614635c,0x5614635c
sfi-move,0x561463b8,0x561463b8
sfi-move,0x56146414,0x56146414
sfi-move,0x56146470,0x56146470
sfi-move,0x561464ec,0x561464ec
sfi-move,0x561473f0,0x561472ac
sfi-move,0x5614744c,0x56147308
sfi-move,0x561474a8,0x56147364
sfi-move,0x56147504,0x561473c0
sfi-move,0x56147560,0x5614741c
sfi-move,0x561475bc,0x56147478
sfi-move,0x56147618,0x561474d4
sfi-move,0x56147674,0x56147530
sfi-move,0x561476d0,0x5614758c
sfi-move,0x5614772c,0x561475e8
sfi-move,0x56147788,0x56147644
sfi-move,0x561477e4,0x561476a0
sfi-move,0x56147840,0x561476fc
sfi-move,0x5614789c,0x56147758
sfi-move,0x561478f8,0x561477b4
sfi-move,0x56147954,0x56147810
sfi-move,0x561479b0,0x5614786c
sfi-move,0x56147a0c,0x561478c8
sfi-move,0x56147a68,0x56147924
sfi-move,0x56147ac4,0x56147980
sfi-move,0x56147b20,0x561479dc
sfi-move,0x56147b7c,0x56147a38
sfi-move,0x56147bd8,0x56147a94
sfi-move,0x56147c34,0x56147af0
sfi-move,0x56147c90,0x56147b4c
sfi-move,0x56147cec,0x56147ba8
sfi-move,0x56147d48,0x56147c04
sfi-move,0x56147da4,0x56147c60
sfi-move,0x56147e00,0x56147cbc
sfi-move,0x56147e5c,0x56147d18
sfi-move,0x56147eb8,0x56147d74
sfi-move,0x56147f14,0x56147dd0
sfi-move,0x56147f70,0x56147e2c
sfi-move,0x56148020,0x56147e98
sfi-move,0x5614807c,0x56147ef4
sfi-move,0x561480d8,0x56147f50
sfi-move,0x56148134,0x56148020
sfi-move,0x56148190,0x5614807c
sfi-move,0x561481ec,0x561480d8
sfi-move,0x56148248,0x56148134
sfi-move,0x561482a4,0x56148190
sfi-move,0x56148300,0x561481ec
sfi-move,0x5614835c,0x56148248
sfi-move,0x561483b8,0x561482a4
sfi-move,0x56148414,0x56148300
sfi-move,0x56148470,0x5614835c
sfi-move,0x561484cc,0x561483b8
sfi-move,0x56148528,0x56148414
sfi-move,0x56148584,0x56148470
sfi-move,0x561485e0,0x561484cc
sfi-move,0x5614863c,0x56148528
sfi-move,0x56148698,0x56148584
sfi-move,0x561486f4,0x561485e0
sfi-move,0x56148750,0x5614863c
sfi-move,0x561487ac,0x56148698
sfi-move,0x56148808,0x561486f4
sfi-move,0x56148864,0x56148750
sfi-move,0x561488c0,0x561487ac
sfi-move,0x5614891c,0x56148808
sfi-move,0x56148978,0x56148864
sfi-move,0x561489d4,0x561488c0
sfi-move,0x56148a30,0x5614891c
sfi-move,0x56148a8c,0x56148978
sfi-move,0x56148ae8,0x561489d4
sfi-move,0x56148b44,0x56148a30
sfi-move,0x56148ba0,0x56148a8c
sfi-move,0x56148bfc,0x56148ae8
sfi-move,0x56148c58,0x56148b44
sfi-move,0x56148cb4,0x56148ba0
sfi-move,0x56148d10,0x56148bfc
sfi-move,0x56148d6c,0x56148c58
sfi-move,0x56148dc8,0x56148cb4
sfi-move,0x56148e24,0x56148d10
sfi-move,0x56148e80,0x56148d6c
sfi-move,0x56148edc,0x56148dc8
sfi-move,0x56148f38,0x56148e24
sfi-move,0x56148f94,0x56148e80
sfi-move,0x56148ff0,0x56148edc
sfi-move,0x5614904c,0x56148f38
sfi-move,0x561490a8,0x56148f94
sfi-move,0x56149104,0x56148ff0
sfi-move,0x56149180,0x5614906c
sfi-move,0x5614a1cc,0x5614a020
sfi-move,0x5614a228,0x5614a07c
sfi-move,0x5614a284,0x5614a0d8
sfi-move,0x5614a2e0,0x5614a134
sfi-move,0x5614a33c,0x5614a190
sfi-move,0x5614a398,0x5614a1ec
sfi-move,0x5614a3f4,0x5614a248
sfi-move,0x5614a450,0x5614a2a4
sfi-move,0x5614a4ac,0x5614a300
sfi-move,0x5614a508,0x5614a35c
sfi-move,0x5614a564,0x5614a3b8
sfi-move,0x5614a5c0,0x5614a414
sfi-move,0x5614a61c,0x5614a470
sfi-move,0x5614a678,0x5614a4cc
sfi-move,0x5614a6d4,0x5614a528
sfi-move,0x5614a730,0x5614a584
sfi-move,0x5614a78c,0x5614a5e0
sfi-move,0x5614a7e8,0x5614a63c
sfi-move,0x5614a844,0x5614a698
sfi-move,0x5614a8a0,0x5614a6f4
sfi-move,0x5614a8fc,0x5614a750
sfi-move,0x5614a958,0x5614a7ac
sfi-move,0x5614a9b4,0x5614a808
sfi-move,0x5614aa10,0x5614a864
sfi-move,0x5614aa6c,0x5614a8c0
sfi-move,0x5614aac8,0x5614a91c
sfi-move,0x5614ab24,0x5614a978
sfi-move,0x5614ab80,0x5614a9d4
sfi-move,0x5614abdc,0x5614aa30
sfi-move,0x5614ac38,0x5614aa8c
sfi-move,0x5614ac94,0x5614aae8
sfi-move,0x5614acf0,0x5614ab44
sfi-move,0x5614ad4c,0x5614aba0
sfi-move,0x5614ada8,0x5614abfc
sfi-move,0x5614ae24,0x5614ac78
sfi-move,0x5614b454,0x5614b284
sfi-move,0x5614b4cc,0x5614b2fc
sfi-move,0x5614b550,0x5614b380
sfi-move,0x5614b5d0,0x5614b400
sfi-move,0x5614b650,0x5614b480
sfi-move,0x5614b6d0,0x5614b500
sfi-move,0x5614b750,0x5614b580
sfi-move,0x5614b7d0,0x5614b600
sfi-move,0x5614b850,0x5614b680
sfi-move,0x5614bbbc,0x5614b98c
sfi-move,0x5614bc18,0x5614b9e8
sfi-move,0x5614bc74,0x5614ba44
sfi-move,0x5614bcd0,0x5614baa0
sfi-move,0x5614bd2c,0x5614bafc
sfi-move,0x5614bd88,0x5614bb58
sfi-move,0x5614bde4,0x5614bbb4
sfi-move,0x5614be40,0x5614bc10
sfi-move,0x5614be9c,0x5614bc6c
sfi-move,0x5614bef8,0x5614bcc8
sfi-move,0x5614bf54,0x5614bd24
sfi-move,0x5614c020,0x5614bda4
sfi-move,0x5614c07c,0x5614be00
sfi-move,0x5614c0d8,0x5614be5c
sfi-move,0x5614c134,0x5614beb8
sfi-move,0x5614c190,0x5614bf14
sfi-move,0x5614c1ec,0x5614bf70
sfi-move,0x5614c248,0x5614c020
sfi-move,0x5614c2a4,0x5614c07c
sfi-move,0x5614c300,0x5614c0d8
sfi-move,0x5614c35c,0x5614c134
sfi-move,0x5614c3b8,0x5614c190
sfi-move,0x5614c414,0x5614c1ec
sfi-move,0x5614c470,0x5614c248
sfi-move,0x5614c4cc,0x5614c2a4
sfi-move,0x5614c528,0x5614c300
sfi-move,0x5614c584,0x5614c35c
sfi-move,0x5614c5e0,0x5614c3b8
sfi-move,0x5614c63c,0x5614c414
sfi-move,0x5614c698,0x5614c470
sfi-move,0x5614c6f4,0x5614c4cc
sfi-move,0x5614c750,0x5614c528
sfi-move,0x5614c7ac,0x5614c584
sfi-move,0x5614c808,0x5614c5e0
sfi-move,0x5614c864,0x5614c63c
sfi-move,0x5614c8c0,0x5614c698
sfi-move,0x5614c91c,0x5614c6f4
sfi-move,0x5614c978,0x5614c750
sfi-move,0x5614c9d4,0x5614c7ac
sfi-move,0x5614ca30,0x5614c808
sfi-move,0x5614ca8c,0x5614c864
sfi-move,0x5614cae8,0x5614c8c0
sfi-move,0x5614cb44,0x5614c91c
sfi-move,0x5614cba0,0x5614c978
sfi-move,0x5614cbfc,0x5614c9d4
sfi-move,0x5614cc58,0x5614ca30
sfi-move,0x5614ccb4,0x5614ca8c
sfi-move,0x5614cd10,0x5614cae8
sfi-move,0x5614cd6c,0x5614cb44
sfi-move,0x5614cde8,0x5614cbc0
sfi-move,0x5614d750,0x5614d464
sfi-move,0x5614d7ac,0x5614d4c0
sfi-move,0x5614d808,0x5614d51c
sfi-move,0x5614d864,0x5614d578
sfi-move,0x5614d8c0,0x5614d5d4
sfi-move,0x5614d91c,0x5614d630
sfi-move,0x5614d978,0x5614d68c
sfi-move,0x5614d9d4,0x5614d6e8
sfi-move,0x5614da30,0x5614d744
sfi-move,0x5614da8c,0x5614d7a0
sfi-move,0x5614dae8,0x5614d7fc
sfi-move,0x5614db44,0x5614d858
sfi-move,0x5614dba0,0x5614d8b4
sfi-move,0x5614dbfc,0x5614d910
sfi-move,0x5614dc58,0x5614d96c
sfi-move,0x5614dcb4,0x5614d9c8
sfi-move,0x5614dd10,0x5614da24
sfi-move,0x5614dd6c,0x5614da80
sfi-move,0x5614ddc8,0x5614dadc
sfi-move,0x5614de44,0x5614db58
sfi-move,0x5614e2d8,0x5614e020
sfi-move,0x5614e334,0x5614e07c
sfi-move,0x5614e390,0x5614e0d8
sfi-move,0x5614e3ec,0x5614e134
sfi-move,0x5614e448,0x5614e190
sfi-move,0x5614e4a4,0x5614e1ec
sfi-move,0x5614e500,0x5614e248
sfi-move,0x5614e55c,0x5614e2a4
sfi-move,0x5614e5b8,0x5614e300
sfi-move,0x5614e614,0x5614e35c
sfi-move,0x5614e670,0x5614e3b8
sfi-move,0x5614e6cc,0x5614e414
sfi-move,0x5614e728,0x5614e470
sfi-move,0x5614e784,0x5614e4cc
sfi-move,0x5614e7e0,0x5614e528
sfi-move,0x5614e83c,0x5614e584
sfi-move,0x5614e898,0x5614e5e0
sfi-move,0x5614e8f4,0x5614e63c
sfi-move,0x5614e950,0x5614e698
sfi-move,0x5614e9ac,0x5614e6f4
sfi-move,0x5614ea28,0x5614e770
sfi-move,0x5614fdd4,0x5614ec8c
sfi-move,0x5614fe30,0x5614ece8
sfi-move,0x5614fe8c,0x5614ed44
sfi-move,0x5614fee8,0x5614eda0
sfi-move,0x5614ff44,0x5614edfc
sfi-move,0x5614ffa0,0x5614ee58
sfi-move,0x56150020,0x5614eeb4
sfi-move,0x5615007c,0x5614ef10
sfi-move,0x561500d8,0x5614ef6c
sfi-move,0x56150134,0x5614efc8
sfi-move,0x56150190,0x5614f024
sfi-move,0x561501ec,0x5614f080
sfi-move,0x56150248,0x5614f0dc
sfi-move,0x561502a4,0x5614f138
sfi-move,0x56150300,0x5614f194
sfi-move,0x5615035c,0x5614f1f0
sfi-move,0x561503b8,0x5614f24c
sfi-move,0x56150414,0x5614f2a8
sfi-move,0x56150470,0x5614f304
sfi-move,0x561504cc,0x5614f360
sfi-move,0x56150528,0x5614f3bc
sfi-move,0x56150584,0x5614f418
sfi-move,0x561505e0,0x5614f474
sfi-move,0x5615063c,0x5614f4d0
sfi-move,0x56150698,0x5614f52c
sfi-move,0x561506f4,0x5614f588
sfi-move,0x56150750,0x5614f5e4
sfi-move,0x561507ac,0x5614f640
sfi-move,0x56150808,0x5614f69c
sfi-move,0x56150864,0x5614f6f8
sfi-move,0x561508c0,0x5614f754
sfi-move,0x5615091c,0x5614f7b0
sfi-move,0x56150978,0x5614f80c
sfi-move,0x561509d4,0x5614f868
sfi-move,0x56150a30,0x5614f8c4
sfi-move,0x56150a8c,0x5614f920
sfi-move,0x56150ae8,0x5614f97c
sfi-move,0x56150b44,0x5614f9d8
sfi-move,0x56150ba0,0x5614fa34
sfi-move,0x56150bfc,0x5614fa90
sfi-move,0x56150c58,0x5614faec
sfi-move,0x56150cb4,0x5614fb48
sfi-move,0x56150d10,0x5614fba4
sfi-move,0x56150d6c,0x5614fc00
sfi-move,0x56150dc8,0x5614fc5c
sfi-move,0x56150e24,0x5614fcb8
sfi-move,0x56150e80,0x5614fd14
sfi-move,0x56150edc,0x5614fd70
sfi-move,0x56150f38,0x5614fdcc
sfi-move,0x56150f94,0x5614fe28
sfi-move,0x56150ff0,0x5614fe84
sfi-move,0x5615104c,0x5614fee0
sfi-move,0x561510a8,0x5614ff3c
sfi-move,0x56151104,0x5614ff98
sfi-move,0x56151160,0x56150020
sfi-move,0x561511bc,0x5615007c
sfi-move,0x56151218,0x561500d8
sfi-move,0x56151274,0x56150134
sfi-move,0x561512d0,0x56150190
sfi-move,0x5615132c,0x561501ec
sfi-move,0x56151388,0x56150248
sfi-move,0x56151404,0x561502c4
sfi-move,0x56151e18,0x56150c98
sfi-move,0x56151e94,0x56150d14
sfi-move,0x56151f10,0x56150d90
sfi-move,0x56152020,0x56150e50
sfi-move,0x56152124,0x56150f48
sfi-move,0x561521a0,0x56150fc4
sfi-move,0x561526b8,0x56151428
sfi-move,0x56152714,0x56151484
sfi-move,0x56152770,0x561514e0
sfi-move,0x561527cc,0x5615153c
sfi-move,0x56152844,0x561515b4
sfi-move,0x56152e04,0x56151b2c
sfi-move,0x56152e60,0x56151b88
sfi-move,0x56152ebc,0x56151be4
sfi-move,0x56152f18,0x56151c40
sfi-move,0x56152f74,0x56151c9c
sfi-move,0x56152fd0,0x56151cf8
sfi-move,0x5615302c,0x56151d54
sfi-move,0x56153088,0x56151db0
sfi-move,0x561530e4,0x56151e0c
sfi-move,0x56153140,0x56151e68
sfi-move,0x5615319c,0x56151ec4
sfi-move,0x561531f8,0x56151f20
sfi-move,0x56153254,0x56151f7c
sfi-move,0x561532b0,0x56152020
sfi-move,0x5615330c,0x5615207c
sfi-move,0x56153368,0x561520d8
sfi-move,0x561533c4,0x56152134
sfi-move,0x56153420,0x56152190
sfi-move,0x5615347c,0x561521ec
sfi-move,0x561534d8,0x56152248
sfi-move,0x56153534,0x561522a4
sfi-move,0x56153590,0x56152300
sfi-move,0x561535ec,0x5615235c
sfi-move,0x56153648,0x561523b8
sfi-move,0x561536a4,0x56152414
sfi-move,0x56153700,0x56152470
sfi-move,0x5615375c,0x561524cc
sfi-move,0x561537b8,0x56152528
sfi-move,0x56153814,0x56152584
sfi-move,0x56153870,0x561525e0
sfi-move,0x561538cc,0x5615263c
sfi-move,0x56153928,0x56152698
sfi-move,0x56153984,0x561526f4
sfi-move,0x561539e0,0x56152750
sfi-move,0x56153a3c,0x561527ac
sfi-move,0x56153a98,0x56152808
sfi-move,0x56153af4,0x56152864
sfi-move,0x56153b50,0x561528c0
sfi-move,0x56153bac,0x5615291c
sfi-move,0x56153c08,0x56152978
sfi-move,0x56153c64,0x561529d4
sfi-move,0x56153cc0,0x56152a30
sfi-move,0x56153d1c,0x56152a8c
sfi-move,0x56153d78,0x56152ae8
sfi-move,0x56153dd4,0x56152b44
sfi-move,0x56153e30,0x56152ba0
sfi-move,0x56153e8c,0x56152bfc
sfi-move,0x56153ee8,0x56152c58
sfi-move,0x56153f44,0x56152cb4
sfi-move,0x56153fa0,0x56152d10
sfi-move,0x56154020,0x56152d6c
sfi-move,0x5615407c,0x56152dc8
sfi-move,0x561540d8,0x56152e24
sfi-move,0x56154134,0x56152e80
sfi-move,0x56154190,0x56152edc
sfi-move,0x561541ec,0x56152f38
sfi-move,0x56154248,0x56152f94
sfi-move,0x561542a4,0x56152ff0
sfi-move,0x56154300,0x5615304c
sfi-move,0x5615435c,0x561530a8
sfi-move,0x561543b8,0x56153104
sfi-move,0x56154414,0x56153160
sfi-move,0x56154470,0x561531bc
sfi-move,0x561544cc,0x56153218
sfi-move,0x56154528,0x56153274
sfi-move,0x56154584,0x561532d0
sfi-move,0x561545e0,0x5615332c
sfi-move,0x5615463c,0x56153388
sfi-move,0x56154698,0x561533e4
sfi-move,0x561546f4,0x56153440
sfi-move,0x56154750,0x5615349c
sfi-move,0x561547ac,0x561534f8
sfi-move,0x56154808,0x56153554
sfi-move,0x56154864,0x561535b0
sfi-move,0x561548c0,0x5615360c
sfi-move,0x5615491c,0x56153668
sfi-move,0x56154978,0x561536c4
sfi-move,0x561549d4,0x56153720
sfi-move,0x56154a30,0x5615377c
sfi-move,0x56154a8c,0x561537d8
sfi-move,0x56154ae8,0x56153834
sfi-move,0x56154b44,0x56153890
sfi-move,0x56154bc0,0x5615390c
sfi-move,0x5615594c,0x5615465c
sfi-move,0x561559a8,0x561546b8
sfi-move,0x56155a04,0x56154714
sfi-move,0x56155a60,0x56154770
sfi-move,0x56155abc,0x561547cc
sfi-move,0x56155b18,0x56154828
sfi-move,0x56155b74,0x56154884
sfi-move,0x56155bd0,0x561548e0
sfi-move,0x56155c2c,0x5615493c
sfi-move,0x56155c88,0x56154998
sfi-move,0x56155d04,0x56154a14
sfi-move,0x561560c8,0x56154d1c
sfi-move,0x56156124,0x56154d78
sfi-move,0x56156180,0x56154dd4
sfi-move,0x561561dc,0x56154e30
sfi-move,0x56156238,0x56154e8c
sfi-move,0x56156294,0x56154ee8
sfi-move,0x561562f0,0x56154f44
sfi-move,0x5615634c,0x56154fa0
sfi-move,0x561563a8,0x56154ffc
sfi-move,0x56156404,0x56155058
sfi-move,0x56156460,0x561550b4
sfi-move,0x561564bc,0x56155110
sfi-move,0x56156518,0x5615516c
sfi-move,0x56156574,0x561551c8
sfi-move,0x561565d0,0x56155224
sfi-move,0x5615664c,0x561552a0
sfi-move,0x5615694c,0x5615557c
sfi-move,0x561569c8,0x561555f8
sfi-move,0x56156a40,0x56155670
sfi-move,0x56156abc,0x561556ec
sfi-move,0x56156b38,0x56155768
sfi-move,0x561e4294,0x56160184
sfi-move,0x561e43a8,0x56160298
sfi-move,0x561e4428,0x56160318
code-move,0x56184020,0x56184020
code-move,0x56184160,0x56184160
code-move,0x561842a0,0x561842a0
code-move,0x561842e0,0x561842e0
code-move,0x56184320,0x56184320
code-move,0x56184360,0x56184360
code-move,0x561843a0,0x561843a0
code-move,0x561843e0,0x561843e0
code-move,0x56184420,0x56184420
code-move,0x56184460,0x56184460
code-move,0x561844a0,0x561844a0
code-move,0x561844e0,0x561844e0
code-move,0x56184520,0x56184520
code-move,0x56184560,0x56184560
code-move,0x561845a0,0x561845a0
code-move,0x561845e0,0x561845e0
code-move,0x56184620,0x56184620
code-move,0x56184660,0x56184660
code-move,0x561846a0,0x561846a0
code-move,0x561846e0,0x561846e0
code-move,0x56184720,0x56184720
code-move,0x56184760,0x56184760
code-move,0x56184840,0x56184840
code-move,0x561848c0,0x561848c0
code-move,0x56184b20,0x56184b20
code-move,0x56184d40,0x56184d40
code-move,0x56184f40,0x56184f40
code-move,0x56185020,0x56185020
code-move,0x561850e0,0x561850e0
code-move,0x56185160,0x56185160
code-move,0x561851e0,0x561851e0
code-move,0x56185280,0x56185280
code-move,0x56185320,0x56185320
code-move,0x561853a0,0x561853a0
code-move,0x56185400,0x56185400
code-move,0x56185440,0x56185440
code-move,0x561854a0,0x561854a0
code-move,0x561854e0,0x561854e0
code-move,0x56185540,0x56185540
code-move,0x561855a0,0x561855a0
code-move,0x561856e0,0x561856e0
code-move,0x56185740,0x56185740
code-move,0x561857a0,0x561857a0
code-move,0x56185840,0x56185840
code-move,0x561858e0,0x561858e0
code-move,0x56185a00,0x56185a00
code-move,0x56185a40,0x56185a40
code-move,0x56185a80,0x56185a80
code-move,0x56186020,0x56186020
code-move,0x561862c0,0x561862c0
code-move,0x56186340,0x56186340
code-move,0x561863a0,0x561863a0
code-move,0x56186440,0x56186440
code-move,0x561865c0,0x561865c0
code-move,0x561866e0,0x561866e0
code-move,0x56186740,0x56186740
code-move,0x561867a0,0x561867a0
code-move,0x56186840,0x56186840
code-move,0x561869c0,0x561869c0
code-move,0x56186ae0,0x56186ae0
code-move,0x56186b40,0x56186b40
code-move,0x56186b80,0x56186b80
code-move,0x56186cc0,0x56186cc0
code-move,0x56186d00,0x56186d00
code-move,0x56186e40,0x56186e40
code-move,0x56186fe0,0x56186fe0
code-move,0x561871a0,0x561871a0
code-move,0x56187400,0x56187400
code-move,0x56187660,0x56187660
code-move,0x56187820,0x56187820
code-move,0x56187b80,0x56187b80
code-move,0x56187c00,0x56187c00
code-move,0x56187c80,0x56187c80
code-move,0x56187d00,0x56187d00
code-move,0x56187d80,0x56187d80
code-move,0x56187e00,0x56187e00
code-move,0x56187e80,0x56187e80
code-move,0x56187f00,0x56187f00
code-move,0x56187f80,0x56187f80
code-move,0x56188020,0x56188020
code-move,0x56188080,0x56188080
code-move,0x561880c0,0x561880c0
code-move,0x56188400,0x56188400
code-move,0x561884e0,0x561884e0
code-move,0x561885c0,0x561885c0
code-move,0x56188be0,0x56188be0
code-move,0x56188d60,0x56188d60
code-move,0x56188e40,0x56188e40
code-move,0x56188ee0,0x56188ee0
code-move,0x56189380,0x56189380
code-move,0x56189840,0x56189840
code-move,0x56189b60,0x56189b60
code-move,0x56189ca0,0x56189ca0
code-move,0x56189de0,0x56189de0
code-move,0x5618a020,0x5618a020
code-move,0x5618a160,0x5618a160
code-move,0x5618a2a0,0x5618a2a0
code-move,0x5618a460,0x5618a460
code-move,0x5618a5a0,0x5618a5a0
code-move,0x5618a680,0x5618a680
code-move,0x5618a760,0x5618a760
code-move,0x5618a8a0,0x5618a8a0
code-move,0x5618aa60,0x5618aa60
code-move,0x5618aba0,0x5618aba0
code-move,0x5618ac80,0x5618ac80
code-move,0x5618ad60,0x5618ad60
code-move,0x5618af80,0x5618af80
code-move,0x5618b060,0x5618b060
code-move,0x5618b120,0x5618b120
code-move,0x5618b400,0x5618b400
code-move,0x5618b480,0x5618b480
code-move,0x5618b5a0,0x5618b5a0
code-move,0x5618b6c0,0x5618b6c0
code-move,0x5618b8a0,0x5618b8a0
code-move,0x5618ba80,0x5618ba80
code-move,0x5618bb20,0x5618bb20
code-move,0x5618bbc0,0x5618bbc0
code-move,0x5618bc60,0x5618bc60
code-move,0x5618bd00,0x5618bd00
code-move,0x5618c020,0x5618c020
code-move,0x5618c2a0,0x5618c2a0
code-move,0x5618c540,0x5618c540
code-move,0x5618c5e0,0x5618c5e0
code-move,0x5618c680,0x5618c680
code-move,0x5618c720,0x5618c720
code-move,0x5618c7e0,0x5618c7e0
code-move,0x5618cce0,0x5618cce0
code-move,0x5618cdc0,0x5618cdc0
code-move,0x5618cea0,0x5618cea0
code-move,0x5618dd80,0x5618dd80
code-move,0x5618de60,0x5618de60
code-move,0x5618e020,0x5618e020
code-move,0x5618e100,0x5618e100
code-move,0x5618e3a0,0x5618e3a0
code-move,0x5618e480,0x5618e480
code-move,0x5618e560,0x5618e560
code-move,0x5618e5c0,0x5618e5c0
code-move,0x5618e620,0x5618e620
code-move,0x5618e900,0x5618e900
code-move,0x5618e9a0,0x5618e9a0
code-move,0x5618ea40,0x5618ea40
code-move,0x5618eb60,0x5618eae0
code-move,0x5618ebe0,0x5618eb60
code-move,0x5618ed20,0x5618eca0
code-move,0x5618ee00,0x5618ed80
code-move,0x5618f080,0x5618ef60
code-move,0x5618f220,0x5618f100
code-move,0x5618f300,0x5618f1e0
code-move,0x5618f3e0,0x5618f2c0
code-move,0x5618f8c0,0x5618f7a0
code-move,0x5618f9a0,0x5618f880
code-move,0x5618fa80,0x5618f960
code-move,0x5618fb60,0x5618fa40
code-move,0x5618fca0,0x5618fb80
code-move,0x5618fd80,0x5618fc60
code-move,0x5618fee0,0x5618fdc0
code-move,0x56190020,0x56190020
code-move,0x56190240,0x56190240
code-move,0x56190320,0x56190320
code-move,0x561907e0,0x561907e0
code-move,0x561908c0,0x561908c0
code-move,0x56190920,0x56190920
code-move,0x561909c0,0x561909c0
code-move,0x56190a20,0x56190a20
code-move,0x56190a80,0x56190a80
code-move,0x56190b80,0x56190b80
code-move,0x561910c0,0x561910c0
code-move,0x56191200,0x56191200
code-move,0x56191320,0x56191320
code-move,0x561913e0,0x561913e0
code-move,0x56191540,0x56191540
code-move,0x56191600,0x56191600
code-move,0x56191700,0x56191700
code-move,0x56191800,0x56191800
code-move,0x561918e0,0x561918e0
code-move,0x56192020,0x56192020
code-move,0x56192da0,0x56192da0
code-move,0x56192e80,0x56192e80
code-move,0x56192f60,0x56192f60
code-move,0x561931a0,0x561931a0
code-move,0x561933a0,0x561933a0
code-move,0x56193720,0x56193480
code-move,0x56193800,0x56193560
code-move,0x56193900,0x56193660
code-move,0x561939c0,0x56193720
code-move,0x56193e60,0x56193bc0
code-move,0x56194020,0x56193d60
code-move,0x56194100,0x56194020
code-move,0x56194860,0x56194780
code-move,0x561949a0,0x56194860
code-move,0x56194b00,0x56194940
code-move,0x56194c20,0x56194a60
code-move,0x56194de0,0x56194c20
code-move,0x561950e0,0x56194f20
code-move,0x56195140,0x56194f80
code-move,0x56195220,0x56195060
code-move,0x561958e0,0x56195720
code-move,0x561959c0,0x56195800
code-move,0x56196020,0x56196020
code-move,0x561975c0,0x561975c0
code-move,0x56197680,0x56197680
code-move,0x561976e0,0x561976e0
code-move,0x561977c0,0x561977c0
code-move,0x56197a60,0x56197a60
code-move,0x56198020,0x56198020
code-move,0x561985e0,0x561985e0
code-move,0x56198ba0,0x56198ba0
code-move,0x56198c40,0x56198c40
code-move,0x56198ee0,0x56198e80
code-move,0x56199100,0x561990a0
code-move,0x561991a0,0x56199140
code-move,0x56199520,0x561993e0
code-move,0x56199720,0x561994c0
code-move,0x561997e0,0x56199580
code-move,0x56199920,0x561996c0
code-move,0x561999e0,0x56199780
code-move,0x56199ae0,0x56199880
code-move,0x56199c80,0x56199a20
code-move,0x56199d80,0x56199b20
code-move,0x5619a020,0x56199d00
code-move,0x5619a300,0x5619a020
code-move,0x5619a540,0x5619a260
code-move,0x5619a740,0x5619a320
code-move,0x5619a940,0x5619a3e0
code-move,0x5619ab40,0x5619a4a0
code-move,0x5619aba0,0x5619a500
code-move,0x5619aec0,0x5619a820
code-move,0x5619af40,0x5619a8a0
code-move,0x5619afc0,0x5619a920
code-move,0x5619b040,0x5619a9a0
code-move,0x5619b0c0,0x5619aa20
code-move,0x5619b140,0x5619aaa0
code-move,0x5619b260,0x5619abc0
code-move,0x5619b3c0,0x5619ad20
code-move,0x5619b5c0,0x5619ae40
code-move,0x5619b640,0x5619aec0
code-move,0x5619b6c0,0x5619af40
code-move,0x5619b740,0x5619afc0
code-move,0x5619c200,0x5619b2a0
code-move,0x5619c600,0x5619b360
code-move,0x5619c660,0x5619b3c0
code-move,0x5619c960,0x5619b600
code-move,0x5619c9e0,0x5619b680
code-move,0x5619cac0,0x5619b700
code-move,0x5619cba0,0x5619b780
code-move,0x5619d260,0x5619b860
code-move,0x5619d3a0,0x5619b9a0
code-move,0x5619d480,0x5619c020
code-move,0x5619dd40,0x5619c7a0
code-move,0x5619e020,0x5619c840
code-move,0x5619e9c0,0x5619d1e0
code-move,0x5619eb80,0x5619d3a0
code-move,0x5619ed00,0x5619d520
code-move,0x5619ede0,0x5619d600
code-move,0x5619eee0,0x5619d700
code-move,0x5619efc0,0x5619d7e0
code-move,0x5619f0a0,0x5619e020
code-move,0x5619fa00,0x5619e980
code-move,0x5619fae0,0x5619ea60
code-move,0x5619fbc0,0x5619eb40
code-move,0x5619fce0,0x5619ec60
code-move,0x561a0020,0x5619ed80
code-move,0x561a0260,0x5619efc0
code-move,0x561a0340,0x5619f0a0
code-move,0x561a0400,0x5619f160
code-move,0x561a0480,0x5619f1e0
code-move,0x561a0580,0x5619f2e0
code-move,0x561a05e0,0x5619f340
code-move,0x561a06c0,0x5619f420
code-move,0x561a07a0,0x561a0020
code-move,0x561a1780,0x561a1000
code-move,0x561a18e0,0x561a1160
code-move,0x561a19c0,0x561a1240
code-move,0x561a1bc0,0x561a1440
code-move,0x561a1ca0,0x561a1520
code-move,0x561a1d00,0x561a1580
code-move,0x561a1d60,0x561a15e0
